<?xml version="1.0" encoding="UTF-8"?>
<!-- Generated by org.testng.reporters.JUnitReportReporter -->
<testsuite hostname="Pratik" failures="0" tests="14" name="com.ahec.testCases.TC_HomePage_001" time="37.113" errors="0" timestamp="2025-01-25T14:51:48 IST" skipped="0">
  <testcase classname="com.ahec.testCases.TC_HomePage_001" name="testVerifyURL" time="0.105"/>
  <testcase classname="com.ahec.testCases.TC_HomePage_001" name="testVerifyHomePageTitle" time="0.062"/>
  <testcase classname="com.ahec.testCases.TC_HomePage_001" name="testHomePageLogoIsDisplayed" time="0.523"/>
  <testcase classname="com.ahec.testCases.TC_HomePage_001" name="testVerifyNavigationMenu" time="0.236"/>
  <testcase classname="com.ahec.testCases.TC_HomePage_001" name="testVerifyHealthPrograms" time="3.043"/>
  <testcase classname="com.ahec.testCases.TC_HomePage_001" name="testVerifyServicesDisplayed" time="0.449"/>
  <testcase classname="com.ahec.testCases.TC_HomePage_001" name="testVerifyCPRDisplayed" time="0.696"/>
  <testcase classname="com.ahec.testCases.TC_HomePage_001" name="testVerifyContactUsDisplayed" time="0.362"/>
  <testcase classname="com.ahec.testCases.TC_HomePage_001" name="testVerifyNewsDisplayed" time="0.159"/>
  <testcase classname="com.ahec.testCases.TC_HomePage_001" name="testVerifyMyAccountDisplayed" time="0.137"/>
  <testcase classname="com.ahec.testCases.TC_HomePage_001" name="testVerifyContactUsFunctionality" time="10.878"/>
  <testcase classname="com.ahec.testCases.TC_HomePage_001" name="testSearchBoxWithValidInputs" time="11.142"/>
  <testcase classname="com.ahec.testCases.TC_HomePage_001" name="testSearchBoxWithInvalidInputs" time="4.609"/>
  <testcase classname="com.ahec.testCases.TC_HomePage_001" name="testVerifySearchBar" time="4.712"/>
</testsuite> <!-- com.ahec.testCases.TC_HomePage_001 -->
