<?xml version="1.0" encoding="UTF-8"?>
<!-- Generated by org.testng.reporters.JUnitReportReporter -->
<testsuite hostname="Pratik" failures="2" tests="8" name="com.ahec.testCases.TC_HealthProgramsAndServicesTest_002" time="68.137" errors="0" timestamp="2025-01-25T14:51:48 IST" skipped="0">
  <testcase classname="com.ahec.testCases.TC_HealthProgramsAndServicesTest_002" name="testVerifyCommunityBasedStudentEducation" time="12.872"/>
  <testcase classname="com.ahec.testCases.TC_HealthProgramsAndServicesTest_002" name="testVerifyContinuingEducationService" time="6.769"/>
  <testcase classname="com.ahec.testCases.TC_HealthProgramsAndServicesTest_002" name="testVerifyCoveringFlorida" time="11.652"/>
  <testcase classname="com.ahec.testCases.TC_HealthProgramsAndServicesTest_002" name="testVerifyTobacco" time="10.795"/>
  <testcase classname="com.ahec.testCases.TC_HealthProgramsAndServicesTest_002" name="testVerifyAhecScholar" time="8.561"/>
  <testcase classname="com.ahec.testCases.TC_HealthProgramsAndServicesTest_002" name="testVerifyHealthyAgeing" time="9.314"/>
  <testcase classname="com.ahec.testCases.TC_HealthProgramsAndServicesTest_002" name="testEmbededVideo" time="2.990">
    <failure message="Embedded video test failed." type="java.lang.AssertionError">
      <![CDATA[java.lang.AssertionError: Embedded video test failed.
at org.testng.Assert.fail(Assert.java:111)
at com.ahec.testCases.TC_HealthProgramsAndServicesTest_002.testEmbededVideo(TC_HealthProgramsAndServicesTest_002.java:202)
at java.base/jdk.internal.reflect.DirectMethodHandleAccessor.invoke(DirectMethodHandleAccessor.java:103)
at java.base/java.lang.reflect.Method.invoke(Method.java:580)
at org.testng.internal.invokers.MethodInvocationHelper.invokeMethod(MethodInvocationHelper.java:141)
at org.testng.internal.invokers.TestInvoker.invokeMethod(TestInvoker.java:686)
at org.testng.internal.invokers.TestInvoker.invokeTestMethod(TestInvoker.java:230)
at org.testng.internal.invokers.MethodRunner.runInSequence(MethodRunner.java:63)
at org.testng.internal.invokers.TestInvoker$MethodInvocationAgent.invoke(TestInvoker.java:992)
at org.testng.internal.invokers.TestInvoker.invokeTestMethods(TestInvoker.java:203)
at org.testng.internal.invokers.TestMethodWorker.invokeTestMethods(TestMethodWorker.java:154)
at org.testng.internal.invokers.TestMethodWorker.run(TestMethodWorker.java:134)
at java.base/java.util.ArrayList.forEach(ArrayList.java:1596)
at org.testng.TestRunner.privateRun(TestRunner.java:739)
at org.testng.TestRunner.run(TestRunner.java:614)
at org.testng.SuiteRunner.runTest(SuiteRunner.java:421)
at org.testng.SuiteRunner$SuiteWorker.run(SuiteRunner.java:463)
at org.testng.internal.thread.ThreadUtil.lambda$execute$0(ThreadUtil.java:64)
at java.base/java.util.concurrent.FutureTask.run(FutureTask.java:317)
at java.base/java.util.concurrent.ThreadPoolExecutor.runWorker(ThreadPoolExecutor.java:1144)
at java.base/java.util.concurrent.ThreadPoolExecutor$Worker.run(ThreadPoolExecutor.java:642)
at java.base/java.lang.Thread.run(Thread.java:1583)
]]>
    </failure>
  </testcase> <!-- testEmbededVideo -->
  <testcase classname="com.ahec.testCases.TC_HealthProgramsAndServicesTest_002" name="testIframeForInvaidZipCode" time="5.184">
    <failure message="Iframe test failed." type="java.lang.AssertionError">
      <![CDATA[java.lang.AssertionError: Iframe test failed.
at org.testng.Assert.fail(Assert.java:111)
at com.ahec.testCases.TC_HealthProgramsAndServicesTest_002.testIframeForInvaidZipCode(TC_HealthProgramsAndServicesTest_002.java:245)
at java.base/jdk.internal.reflect.DirectMethodHandleAccessor.invoke(DirectMethodHandleAccessor.java:103)
at java.base/java.lang.reflect.Method.invoke(Method.java:580)
at org.testng.internal.invokers.MethodInvocationHelper.invokeMethod(MethodInvocationHelper.java:141)
at org.testng.internal.invokers.TestInvoker.invokeMethod(TestInvoker.java:686)
at org.testng.internal.invokers.TestInvoker.invokeTestMethod(TestInvoker.java:230)
at org.testng.internal.invokers.MethodRunner.runInSequence(MethodRunner.java:63)
at org.testng.internal.invokers.TestInvoker$MethodInvocationAgent.invoke(TestInvoker.java:992)
at org.testng.internal.invokers.TestInvoker.invokeTestMethods(TestInvoker.java:203)
at org.testng.internal.invokers.TestMethodWorker.invokeTestMethods(TestMethodWorker.java:154)
at org.testng.internal.invokers.TestMethodWorker.run(TestMethodWorker.java:134)
at java.base/java.util.ArrayList.forEach(ArrayList.java:1596)
at org.testng.TestRunner.privateRun(TestRunner.java:739)
at org.testng.TestRunner.run(TestRunner.java:614)
at org.testng.SuiteRunner.runTest(SuiteRunner.java:421)
at org.testng.SuiteRunner$SuiteWorker.run(SuiteRunner.java:463)
at org.testng.internal.thread.ThreadUtil.lambda$execute$0(ThreadUtil.java:64)
at java.base/java.util.concurrent.FutureTask.run(FutureTask.java:317)
at java.base/java.util.concurrent.ThreadPoolExecutor.runWorker(ThreadPoolExecutor.java:1144)
at java.base/java.util.concurrent.ThreadPoolExecutor$Worker.run(ThreadPoolExecutor.java:642)
at java.base/java.lang.Thread.run(Thread.java:1583)
]]>
    </failure>
  </testcase> <!-- testIframeForInvaidZipCode -->
</testsuite> <!-- com.ahec.testCases.TC_HealthProgramsAndServicesTest_002 -->
