<?xml version="1.0" encoding="UTF-8"?>
<!-- Generated by org.testng.reporters.JUnitReportReporter -->
<testsuite hostname="Pratik" failures="0" tests="14" name="com.ahec.testCases.TC_HomePage_001" time="28.309" errors="0" timestamp="2025-01-27T16:37:09 IST" skipped="0">
  <testcase classname="com.ahec.testCases.TC_HomePage_001" name="testVerifyURL" time="0.108"/>
  <testcase classname="com.ahec.testCases.TC_HomePage_001" name="testVerifyHomePageTitle" time="1.828"/>
  <testcase classname="com.ahec.testCases.TC_HomePage_001" name="testHomePageLogoIsDisplayed" time="0.223"/>
  <testcase classname="com.ahec.testCases.TC_HomePage_001" name="testVerifyNavigationMenu" time="0.210"/>
  <testcase classname="com.ahec.testCases.TC_HomePage_001" name="testVerifyHealthPrograms" time="3.568"/>
  <testcase classname="com.ahec.testCases.TC_HomePage_001" name="testVerifyServicesDisplayed" time="0.214"/>
  <testcase classname="com.ahec.testCases.TC_HomePage_001" name="testVerifyCPRDisplayed" time="0.143"/>
  <testcase classname="com.ahec.testCases.TC_HomePage_001" name="testVerifyContactUsDisplayed" time="0.211"/>
  <testcase classname="com.ahec.testCases.TC_HomePage_001" name="testVerifyNewsDisplayed" time="0.285"/>
  <testcase classname="com.ahec.testCases.TC_HomePage_001" name="testVerifyMyAccountDisplayed" time="0.273"/>
  <testcase classname="com.ahec.testCases.TC_HomePage_001" name="testVerifyContactUsFunctionality" time="7.981"/>
  <testcase classname="com.ahec.testCases.TC_HomePage_001" name="testSearchBoxWithValidInputs" time="6.287"/>
  <testcase classname="com.ahec.testCases.TC_HomePage_001" name="testSearchBoxWithInvalidInputs" time="4.763"/>
  <testcase classname="com.ahec.testCases.TC_HomePage_001" name="testVerifySearchBar" time="2.215"/>
</testsuite> <!-- com.ahec.testCases.TC_HomePage_001 -->
